{
  "RSpec": {
    "coverage": {
      "/Users/Isha/Projects/tw-inventory/spec/support/mongoid.rb": [
        1,
        1,
        null
      ],
      "/Users/Isha/Projects/tw-inventory/app/controllers/assets_controller.rb": [
        1,
        null,
        1,
        2,
        2,
        null,
        null,
        1,
        3,
        3,
        3,
        9,
        null,
        3,
        2,
        null,
        1,
        null,
        null,
        null,
        1,
        2,
        1,
        1,
        1,
        null,
        1,
        1,
        null,
        null,
        null,
        null,
        1,
        2,
        2,
        1,
        null,
        1,
        null,
        null,
        null,
        1,
        0,
        null,
        null,
        1,
        2,
        2,
        null,
        null,
        null
      ],
      "/Users/Isha/Projects/tw-inventory/app/controllers/application_controller.rb": [
        1,
        null,
        null,
        1,
        1,
        1,
        1,
        null,
        null,
        1,
        0,
        null,
        null,
        1,
        1,
        null,
        11,
        null,
        null,
        1,
        11,
        null,
        null,
        null,
        null,
        null,
        null
      ],
      "/Users/Isha/Projects/tw-inventory/app/models/user.rb": [
        1,
        1,
        1,
        null,
        1,
        null,
        1,
        1,
        1,
        null,
        1,
        1,
        null,
        1,
        null,
        1,
        11,
        11,
        11,
        null,
        0,
        null,
        null,
        null
      ],
      "/Users/Isha/Projects/tw-inventory/app/models/assignment.rb": [
        1,
        1,
        1,
        1,
        1,
        1,
        null,
        1,
        1,
        null,
        1,
        1,
        1,
        null,
        1,
        0,
        null,
        null
      ],
      "/Users/Isha/Projects/tw-inventory/app/models/asset_type.rb": [
        1,
        1,
        1,
        1,
        1,
        1,
        null,
        1,
        1,
        null,
        1,
        null,
        1,
        0,
        null,
        null,
        1,
        0,
        null,
        null
      ],
      "/Users/Isha/Projects/tw-inventory/app/models/asset.rb": [
        1,
        1,
        1,
        null,
        1,
        1,
        null,
        1,
        0,
        null,
        null,
        1,
        0,
        null,
        null
      ]
    },
    "timestamp": 1397037554
  }
}
