{
  "RSpec": {
    "coverage": {
      "/Users/Paras/Documents/repos/asset_management/tw-inventory/app/controllers/application_controller.rb": [
        1,
        null,
        null,
        1,
        1,
        1,
        1,
        null,
        null,
        1,
        0,
        null,
        null,
        1,
        1,
        null,
        2,
        null,
        null,
        1,
        1,
        null,
        null,
        null,
        null,
        null,
        null
      ],
      "/Users/Paras/Documents/repos/asset_management/tw-inventory/spec/controllers/users_controller_spec.rb": [
        1,
        1,
        null,
        1,
        1,
        2,
        2,
        null,
        null,
        1,
        1,
        1,
        1,
        null,
        null,
        1,
        1,
        1,
        1,
        null,
        null,
        null
      ],
      "/Users/Paras/Documents/repos/asset_management/tw-inventory/app/controllers/users_controller.rb": [
        1,
        null,
        1,
        null,
        null,
        1,
        null,
        null,
        null
      ],
      "/Users/Paras/Documents/repos/asset_management/tw-inventory/spec/models/asset_type_spec.rb": [
        1,
        null,
        1,
        null,
        2,
        2,
        null,
        1,
        1,
        1,
        1,
        null,
        null,
        null,
        null
      ],
      "/Users/Paras/Documents/repos/asset_management/tw-inventory/app/models/asset_type.rb": [
        1,
        1,
        1,
        1,
        1,
        null,
        1,
        1,
        null
      ],
      "/Users/Paras/Documents/repos/asset_management/tw-inventory/spec/models/user_spec.rb": [
        1,
        1,
        null,
        1,
        2,
        2,
        null,
        1,
        1,
        2,
        2,
        null,
        null,
        1,
        1,
        null,
        null,
        1,
        1,
        null,
        null,
        null,
        null
      ],
      "/Users/Paras/Documents/repos/asset_management/tw-inventory/app/models/user.rb": [
        1,
        1,
        1,
        1,
        1,
        1,
        null,
        1,
        1,
        null,
        1,
        null,
        1,
        3,
        3,
        2,
        null,
        1,
        null,
        null,
        null
      ]
    },
    "timestamp": 1396354501
  }
}
